<?xml version="1.0" encoding="UTF-8"?>
<!-- Generated by org.testng.reporters.JUnitXMLReporter -->
<testsuite hostname="DESKTOP-OQ3P6LF" ignored="5" name="Default test" tests="1" failures="0" timestamp="2022-05-14T21:23:13 IST" time="12.442" errors="0">
  <testcase name="bookTicketAndCheckStatus" time="12.35" classname="testScenarios.TestCases"/>
  <testcase name="bookTicketAndTrackService" time="0.0" classname="testScenarios.TestCases">
    <ignored/>
  </testcase> <!-- bookTicketAndTrackService -->
  <testcase name="bookTicketCheckStatusAndPrint" time="0.0" classname="testScenarios.TestCases">
    <ignored/>
  </testcase> <!-- bookTicketCheckStatusAndPrint -->
  <testcase name="bookTicketAndPrint" time="0.0" classname="testScenarios.TestCases">
    <ignored/>
  </testcase> <!-- bookTicketAndPrint -->
  <testcase name="bookTicketAndCancelTicket" time="0.0" classname="testScenarios.TestCases">
    <ignored/>
  </testcase> <!-- bookTicketAndCancelTicket -->
  <testcase name="scrollDown" time="0.0" classname="testScenarios.TestCases">
    <ignored/>
  </testcase> <!-- scrollDown -->
</testsuite> <!-- Default test -->
