<?xml version="1.0" encoding="UTF-8"?>
<testng-results skipped="0" failed="0" ignored="5" total="6" passed="1">
  <reporter-output>
  </reporter-output>
  <suite name="Default suite" duration-ms="12442" started-at="2022-05-14T21:23:01 IST" finished-at="2022-05-14T21:23:13 IST">
    <groups>
    </groups>
    <test name="Default test" duration-ms="12442" started-at="2022-05-14T21:23:01 IST" finished-at="2022-05-14T21:23:13 IST">
      <class name="testScenarios.TestCases">
        <test-method status="PASS" signature="bookTicketAndCheckStatus()[pri:0, instance:testScenarios.TestCases@4cc6fa2a]" name="bookTicketAndCheckStatus" duration-ms="12350" started-at="2022-05-14T21:23:01 IST" finished-at="2022-05-14T21:23:13 IST">
          <reporter-output>
          </reporter-output>
        </test-method> <!-- bookTicketAndCheckStatus -->
      </class> <!-- testScenarios.TestCases -->
    </test> <!-- Default test -->
  </suite> <!-- Default suite -->
</testng-results>
